Started GET "/" for ::1 at 2020-11-16 19:42:20 -0500
  [1m[35m (7.4ms)[0m  [1m[34mSELECT sqlite_version(*)[0m
  
ActiveRecord::PendingMigrationError (

Migrations are pending. To resolve this issue, run:

        rails db:migrate RAILS_ENV=development

):
  
activerecord (6.0.3.4) lib/active_record/migration.rb:586:in `check_pending!'
activerecord (6.0.3.4) lib/active_record/migration.rb:564:in `call'
actionpack (6.0.3.4) lib/action_dispatch/middleware/callbacks.rb:27:in `block in call'
activesupport (6.0.3.4) lib/active_support/callbacks.rb:101:in `run_callbacks'
actionpack (6.0.3.4) lib/action_dispatch/middleware/callbacks.rb:26:in `call'
actionpack (6.0.3.4) lib/action_dispatch/middleware/executor.rb:14:in `call'
actionpack (6.0.3.4) lib/action_dispatch/middleware/actionable_exceptions.rb:18:in `call'
actionpack (6.0.3.4) lib/action_dispatch/middleware/debug_exceptions.rb:32:in `call'
web-console (4.1.0) lib/web_console/middleware.rb:132:in `call_app'
web-console (4.1.0) lib/web_console/middleware.rb:28:in `block in call'
web-console (4.1.0) lib/web_console/middleware.rb:17:in `catch'
web-console (4.1.0) lib/web_console/middleware.rb:17:in `call'
actionpack (6.0.3.4) lib/action_dispatch/middleware/show_exceptions.rb:33:in `call'
railties (6.0.3.4) lib/rails/rack/logger.rb:37:in `call_app'
railties (6.0.3.4) lib/rails/rack/logger.rb:26:in `block in call'
activesupport (6.0.3.4) lib/active_support/tagged_logging.rb:80:in `block in tagged'
activesupport (6.0.3.4) lib/active_support/tagged_logging.rb:28:in `tagged'
activesupport (6.0.3.4) lib/active_support/tagged_logging.rb:80:in `tagged'
railties (6.0.3.4) lib/rails/rack/logger.rb:26:in `call'
sprockets-rails (3.2.2) lib/sprockets/rails/quiet_assets.rb:13:in `call'
actionpack (6.0.3.4) lib/action_dispatch/middleware/remote_ip.rb:81:in `call'
actionpack (6.0.3.4) lib/action_dispatch/middleware/request_id.rb:27:in `call'
rack (2.2.3) lib/rack/method_override.rb:24:in `call'
rack (2.2.3) lib/rack/runtime.rb:22:in `call'
activesupport (6.0.3.4) lib/active_support/cache/strategy/local_cache_middleware.rb:29:in `call'
actionpack (6.0.3.4) lib/action_dispatch/middleware/executor.rb:14:in `call'
actionpack (6.0.3.4) lib/action_dispatch/middleware/static.rb:126:in `call'
rack (2.2.3) lib/rack/sendfile.rb:110:in `call'
actionpack (6.0.3.4) lib/action_dispatch/middleware/host_authorization.rb:82:in `call'
webpacker (4.3.0) lib/webpacker/dev_server_proxy.rb:23:in `perform_request'
rack-proxy (0.6.5) lib/rack/proxy.rb:57:in `call'
railties (6.0.3.4) lib/rails/engine.rb:527:in `call'
puma (4.3.6) lib/puma/configuration.rb:228:in `call'
puma (4.3.6) lib/puma/server.rb:713:in `handle_request'
puma (4.3.6) lib/puma/server.rb:472:in `process_client'
puma (4.3.6) lib/puma/server.rb:328:in `block in run'
puma (4.3.6) lib/puma/thread_pool.rb:134:in `block in spawn_thread'
Started GET "/" for ::1 at 2020-11-16 19:42:21 -0500
  
ActiveRecord::PendingMigrationError (

Migrations are pending. To resolve this issue, run:

        rails db:migrate RAILS_ENV=development

):
  
activerecord (6.0.3.4) lib/active_record/migration.rb:586:in `check_pending!'
activerecord (6.0.3.4) lib/active_record/migration.rb:564:in `call'
actionpack (6.0.3.4) lib/action_dispatch/middleware/callbacks.rb:27:in `block in call'
activesupport (6.0.3.4) lib/active_support/callbacks.rb:101:in `run_callbacks'
actionpack (6.0.3.4) lib/action_dispatch/middleware/callbacks.rb:26:in `call'
actionpack (6.0.3.4) lib/action_dispatch/middleware/executor.rb:14:in `call'
actionpack (6.0.3.4) lib/action_dispatch/middleware/actionable_exceptions.rb:18:in `call'
actionpack (6.0.3.4) lib/action_dispatch/middleware/debug_exceptions.rb:32:in `call'
web-console (4.1.0) lib/web_console/middleware.rb:132:in `call_app'
web-console (4.1.0) lib/web_console/middleware.rb:28:in `block in call'
web-console (4.1.0) lib/web_console/middleware.rb:17:in `catch'
web-console (4.1.0) lib/web_console/middleware.rb:17:in `call'
actionpack (6.0.3.4) lib/action_dispatch/middleware/show_exceptions.rb:33:in `call'
railties (6.0.3.4) lib/rails/rack/logger.rb:37:in `call_app'
railties (6.0.3.4) lib/rails/rack/logger.rb:26:in `block in call'
activesupport (6.0.3.4) lib/active_support/tagged_logging.rb:80:in `block in tagged'
activesupport (6.0.3.4) lib/active_support/tagged_logging.rb:28:in `tagged'
activesupport (6.0.3.4) lib/active_support/tagged_logging.rb:80:in `tagged'
railties (6.0.3.4) lib/rails/rack/logger.rb:26:in `call'
sprockets-rails (3.2.2) lib/sprockets/rails/quiet_assets.rb:13:in `call'
actionpack (6.0.3.4) lib/action_dispatch/middleware/remote_ip.rb:81:in `call'
actionpack (6.0.3.4) lib/action_dispatch/middleware/request_id.rb:27:in `call'
rack (2.2.3) lib/rack/method_override.rb:24:in `call'
rack (2.2.3) lib/rack/runtime.rb:22:in `call'
activesupport (6.0.3.4) lib/active_support/cache/strategy/local_cache_middleware.rb:29:in `call'
actionpack (6.0.3.4) lib/action_dispatch/middleware/executor.rb:14:in `call'
actionpack (6.0.3.4) lib/action_dispatch/middleware/static.rb:126:in `call'
rack (2.2.3) lib/rack/sendfile.rb:110:in `call'
actionpack (6.0.3.4) lib/action_dispatch/middleware/host_authorization.rb:82:in `call'
webpacker (4.3.0) lib/webpacker/dev_server_proxy.rb:23:in `perform_request'
rack-proxy (0.6.5) lib/rack/proxy.rb:57:in `call'
railties (6.0.3.4) lib/rails/engine.rb:527:in `call'
puma (4.3.6) lib/puma/configuration.rb:228:in `call'
puma (4.3.6) lib/puma/server.rb:713:in `handle_request'
puma (4.3.6) lib/puma/server.rb:472:in `process_client'
puma (4.3.6) lib/puma/server.rb:328:in `block in run'
puma (4.3.6) lib/puma/thread_pool.rb:134:in `block in spawn_thread'
  [1m[35m (3.3ms)[0m  [1m[34mSELECT sqlite_version(*)[0m
  [1m[35m (146.7ms)[0m  [1m[35mCREATE TABLE "schema_migrations" ("version" varchar NOT NULL PRIMARY KEY)[0m
  [1m[35m (80.7ms)[0m  [1m[35mCREATE TABLE "ar_internal_metadata" ("key" varchar NOT NULL PRIMARY KEY, "value" varchar, "created_at" datetime(6) NOT NULL, "updated_at" datetime(6) NOT NULL)[0m
  [1m[35m (0.3ms)[0m  [1m[34mSELECT "schema_migrations"."version" FROM "schema_migrations" ORDER BY "schema_migrations"."version" ASC[0m
Migrating to CreatePosts (20201117004028)
  [1m[35m (0.1ms)[0m  [1m[36mbegin transaction[0m
  [1m[35m (0.7ms)[0m  [1m[35mCREATE TABLE "posts" ("id" integer PRIMARY KEY AUTOINCREMENT NOT NULL, "title" varchar, "body" text, "created_at" datetime(6) NOT NULL, "updated_at" datetime(6) NOT NULL)[0m
  [1m[36mprimary::SchemaMigration Create (0.4ms)[0m  [1m[32mINSERT INTO "schema_migrations" ("version") VALUES (?)[0m  [["version", "20201117004028"]]
  [1m[35m (99.7ms)[0m  [1m[36mcommit transaction[0m
Migrating to CreateComments (20201117004159)
  [1m[35m (0.1ms)[0m  [1m[36mbegin transaction[0m
  [1m[35m (0.9ms)[0m  [1m[35mCREATE TABLE "comments" ("id" integer PRIMARY KEY AUTOINCREMENT NOT NULL, "post_id" integer NOT NULL, "body" text, "created_at" datetime(6) NOT NULL, "updated_at" datetime(6) NOT NULL, CONSTRAINT "fk_rails_2fd19c0db7"
FOREIGN KEY ("post_id")
  REFERENCES "posts" ("id")
)[0m
  [1m[35m (0.2ms)[0m  [1m[35mCREATE  INDEX "index_comments_on_post_id" ON "comments" ("post_id")[0m
  [1m[36mprimary::SchemaMigration Create (0.3ms)[0m  [1m[32mINSERT INTO "schema_migrations" ("version") VALUES (?)[0m  [["version", "20201117004159"]]
  [1m[35m (124.5ms)[0m  [1m[36mcommit transaction[0m
  [1m[36mActiveRecord::InternalMetadata Load (0.4ms)[0m  [1m[34mSELECT "ar_internal_metadata".* FROM "ar_internal_metadata" WHERE "ar_internal_metadata"."key" = ? LIMIT ?[0m  [["key", "environment"], ["LIMIT", 1]]
  [1m[35m (0.1ms)[0m  [1m[36mbegin transaction[0m
  [1m[36mActiveRecord::InternalMetadata Create (0.6ms)[0m  [1m[32mINSERT INTO "ar_internal_metadata" ("key", "value", "created_at", "updated_at") VALUES (?, ?, ?, ?)[0m  [["key", "environment"], ["value", "development"], ["created_at", "2020-11-17 00:43:11.395182"], ["updated_at", "2020-11-17 00:43:11.395182"]]
  [1m[35m (91.7ms)[0m  [1m[36mcommit transaction[0m
  [1m[35m (0.1ms)[0m  [1m[34mSELECT sqlite_version(*)[0m
  [1m[35m (0.2ms)[0m  [1m[34mSELECT "schema_migrations"."version" FROM "schema_migrations" ORDER BY "schema_migrations"."version" ASC[0m
DEPRECATION WARNING: Using `bin/rake routes` is deprecated and will be removed in Rails 6.1. Use `bin/rails routes` instead.
 (called from load at C:/Ruby27-x64/bin/rake:31)
Started GET "/" for ::1 at 2020-11-16 19:44:20 -0500
  [1m[35m (0.7ms)[0m  [1m[34mSELECT sqlite_version(*)[0m
  [1m[35m (0.2ms)[0m  [1m[34mSELECT "schema_migrations"."version" FROM "schema_migrations" ORDER BY "schema_migrations"."version" ASC[0m
Processing by Rails::WelcomeController#index as HTML
  Rendering C:/Ruby27-x64/lib/ruby/gems/2.7.0/gems/railties-6.0.3.4/lib/rails/templates/rails/welcome/index.html.erb
  Rendered C:/Ruby27-x64/lib/ruby/gems/2.7.0/gems/railties-6.0.3.4/lib/rails/templates/rails/welcome/index.html.erb (Duration: 9.0ms | Allocations: 298)
Completed 200 OK in 22ms (Views: 11.6ms | ActiveRecord: 0.0ms | Allocations: 4214)


Started GET "/posts" for ::1 at 2020-11-16 19:44:29 -0500
Processing by PostsController#index as HTML
  Rendering posts/index.html.erb within layouts/application
  [1m[36mPost Load (0.3ms)[0m  [1m[34mSELECT "posts".* FROM "posts"[0m
  ↳ app/views/posts/index.html.erb:15
  Rendered posts/index.html.erb within layouts/application (Duration: 3.9ms | Allocations: 1329)
[Webpacker] Compiling...
[Webpacker] Compiled all packs in D:/PROYECTOS_RAILS/blog/public/packs
[Webpacker] Hash: 15d1bb7b54cf6326b9ba
Version: webpack 4.44.2
Time: 3674ms
Built at: 2020-11-16 19:44:37
                                     Asset       Size       Chunks                         Chunk Names
    js/application-9afcbb5693aa87623e69.js    124 KiB  application  [emitted] [immutable]  application
js/application-9afcbb5693aa87623e69.js.map    139 KiB  application  [emitted] [dev]        application
                             manifest.json  364 bytes               [emitted]              
Entrypoint application = js/application-9afcbb5693aa87623e69.js js/application-9afcbb5693aa87623e69.js.map
[./app/javascript/channels sync recursive _channel\.js$] ./app/javascript/channels sync _channel\.js$ 160 bytes {application} [built]
[./app/javascript/channels/index.js] 211 bytes {application} [built]
[./app/javascript/packs/application.js] 749 bytes {application} [built]
[./node_modules/webpack/buildin/module.js] (webpack)/buildin/module.js 552 bytes {application} [built]
    + 3 hidden modules

Completed 200 OK in 8229ms (Views: 8220.3ms | ActiveRecord: 0.7ms | Allocations: 31047)


Started GET "/posts/new" for ::1 at 2020-11-16 19:44:40 -0500
Processing by PostsController#new as HTML
  Rendering posts/new.html.erb within layouts/application
  Rendered posts/_form.html.erb (Duration: 246.8ms | Allocations: 4470)
  Rendered posts/new.html.erb within layouts/application (Duration: 250.6ms | Allocations: 4807)
[Webpacker] Everything's up-to-date. Nothing to do
Completed 200 OK in 306ms (Views: 297.9ms | ActiveRecord: 0.6ms | Allocations: 11956)


Started POST "/posts" for ::1 at 2020-11-16 19:44:53 -0500
Processing by PostsController#create as HTML
  Parameters: {"authenticity_token"=>"ImSw6WgFuCuj8Jhgci3DYUicz9cMNRFz2r9DiwubWxFNs/mJSb5iYPEGODa8bVV5CoYjT4ZGTlvjXyMTe+DEhA==", "post"=>{"title"=>"Cloud Wedget", "body"=>"weewfwefwef"}, "commit"=>"Create Post"}
  [1m[35m (0.1ms)[0m  [1m[36mbegin transaction[0m
  ↳ app/controllers/posts_controller.rb:30:in `block in create'
  [1m[36mPost Create (0.9ms)[0m  [1m[32mINSERT INTO "posts" ("title", "body", "created_at", "updated_at") VALUES (?, ?, ?, ?)[0m  [["title", "Cloud Wedget"], ["body", "weewfwefwef"], ["created_at", "2020-11-17 00:44:53.384016"], ["updated_at", "2020-11-17 00:44:53.384016"]]
  ↳ app/controllers/posts_controller.rb:30:in `block in create'
  [1m[35m (201.3ms)[0m  [1m[36mcommit transaction[0m
  ↳ app/controllers/posts_controller.rb:30:in `block in create'
Redirected to http://localhost:3000/posts/1
Completed 302 Found in 212ms (ActiveRecord: 202.3ms | Allocations: 3025)


Started GET "/posts/1" for ::1 at 2020-11-16 19:44:53 -0500
Processing by PostsController#show as HTML
  Parameters: {"id"=>"1"}
  [1m[36mPost Load (0.3ms)[0m  [1m[34mSELECT "posts".* FROM "posts" WHERE "posts"."id" = ? LIMIT ?[0m  [["id", 1], ["LIMIT", 1]]
  ↳ app/controllers/posts_controller.rb:67:in `set_post'
  Rendering posts/show.html.erb within layouts/application
  Rendered posts/show.html.erb within layouts/application (Duration: 0.9ms | Allocations: 252)
[Webpacker] Everything's up-to-date. Nothing to do
Completed 200 OK in 47ms (Views: 41.3ms | ActiveRecord: 0.3ms | Allocations: 5873)


Started GET "/posts" for ::1 at 2020-11-16 19:44:55 -0500
Processing by PostsController#index as HTML
  Rendering posts/index.html.erb within layouts/application
  [1m[36mPost Load (0.2ms)[0m  [1m[34mSELECT "posts".* FROM "posts"[0m
  ↳ app/views/posts/index.html.erb:15
  Rendered posts/index.html.erb within layouts/application (Duration: 2.3ms | Allocations: 766)
[Webpacker] Everything's up-to-date. Nothing to do
Completed 200 OK in 42ms (Views: 40.9ms | ActiveRecord: 0.2ms | Allocations: 5294)


Started GET "/posts/1" for ::1 at 2020-11-16 19:45:01 -0500
Processing by PostsController#show as HTML
  Parameters: {"id"=>"1"}
  [1m[36mPost Load (0.2ms)[0m  [1m[34mSELECT "posts".* FROM "posts" WHERE "posts"."id" = ? LIMIT ?[0m  [["id", 1], ["LIMIT", 1]]
  ↳ app/controllers/posts_controller.rb:67:in `set_post'
  Rendering posts/show.html.erb within layouts/application
  Rendered posts/show.html.erb within layouts/application (Duration: 0.3ms | Allocations: 80)
[Webpacker] Everything's up-to-date. Nothing to do
Completed 200 OK in 43ms (Views: 40.2ms | ActiveRecord: 0.2ms | Allocations: 5120)


Started GET "/comments" for ::1 at 2020-11-16 19:45:09 -0500
Processing by CommentsController#index as HTML
  Rendering comments/index.html.erb within layouts/application
  [1m[36mComment Load (0.3ms)[0m  [1m[34mSELECT "comments".* FROM "comments"[0m
  ↳ app/views/comments/index.html.erb:15
  Rendered comments/index.html.erb within layouts/application (Duration: 4.2ms | Allocations: 1170)
[Webpacker] Everything's up-to-date. Nothing to do
Completed 200 OK in 71ms (Views: 52.0ms | ActiveRecord: 0.8ms | Allocations: 7317)


Started GET "/comments/new" for ::1 at 2020-11-16 19:45:11 -0500
Processing by CommentsController#new as HTML
  Rendering comments/new.html.erb within layouts/application
  Rendered comments/_form.html.erb (Duration: 2.6ms | Allocations: 1111)
  Rendered comments/new.html.erb within layouts/application (Duration: 5.1ms | Allocations: 1433)
[Webpacker] Everything's up-to-date. Nothing to do
Completed 200 OK in 52ms (Views: 44.0ms | ActiveRecord: 0.6ms | Allocations: 8447)


Started POST "/comments" for ::1 at 2020-11-16 19:45:16 -0500
Processing by CommentsController#create as HTML
  Parameters: {"authenticity_token"=>"fnHEZbf4XNdblBctfOCZhF0cWt7MS63UAzxGeCILxGDIpIaIczL7cVSUYq/JggjELyMYArBQh1IBBRlVLrFWCA==", "comment"=>{"post_id"=>"1", "body"=>"wfewefwefwef"}, "commit"=>"Create Comment"}
  [1m[35m (0.1ms)[0m  [1m[36mbegin transaction[0m
  ↳ app/controllers/comments_controller.rb:30:in `block in create'
  [1m[36mPost Load (0.2ms)[0m  [1m[34mSELECT "posts".* FROM "posts" WHERE "posts"."id" = ? LIMIT ?[0m  [["id", 1], ["LIMIT", 1]]
  ↳ app/controllers/comments_controller.rb:30:in `block in create'
  [1m[36mComment Create (0.5ms)[0m  [1m[32mINSERT INTO "comments" ("post_id", "body", "created_at", "updated_at") VALUES (?, ?, ?, ?)[0m  [["post_id", 1], ["body", "wfewefwefwef"], ["created_at", "2020-11-17 00:45:16.934363"], ["updated_at", "2020-11-17 00:45:16.934363"]]
  ↳ app/controllers/comments_controller.rb:30:in `block in create'
  [1m[35m (132.2ms)[0m  [1m[36mcommit transaction[0m
  ↳ app/controllers/comments_controller.rb:30:in `block in create'
Redirected to http://localhost:3000/comments/1
Completed 302 Found in 179ms (ActiveRecord: 133.0ms | Allocations: 7220)


Started GET "/comments/1" for ::1 at 2020-11-16 19:45:17 -0500
Processing by CommentsController#show as HTML
  Parameters: {"id"=>"1"}
  [1m[36mComment Load (0.3ms)[0m  [1m[34mSELECT "comments".* FROM "comments" WHERE "comments"."id" = ? LIMIT ?[0m  [["id", 1], ["LIMIT", 1]]
  ↳ app/controllers/comments_controller.rb:67:in `set_comment'
  Rendering comments/show.html.erb within layouts/application
  Rendered comments/show.html.erb within layouts/application (Duration: 1.0ms | Allocations: 248)
[Webpacker] Everything's up-to-date. Nothing to do
Completed 200 OK in 44ms (Views: 40.1ms | ActiveRecord: 0.3ms | Allocations: 5568)


Started GET "/comments" for ::1 at 2020-11-16 19:45:21 -0500
Processing by CommentsController#index as HTML
  Rendering comments/index.html.erb within layouts/application
  [1m[36mComment Load (0.2ms)[0m  [1m[34mSELECT "comments".* FROM "comments"[0m
  ↳ app/views/comments/index.html.erb:15
  Rendered comments/index.html.erb within layouts/application (Duration: 2.2ms | Allocations: 763)
[Webpacker] Everything's up-to-date. Nothing to do
Completed 200 OK in 41ms (Views: 39.8ms | ActiveRecord: 0.2ms | Allocations: 5289)


Started GET "/comments/1/edit" for ::1 at 2020-11-16 19:45:23 -0500
Processing by CommentsController#edit as HTML
  Parameters: {"id"=>"1"}
  [1m[36mComment Load (0.2ms)[0m  [1m[34mSELECT "comments".* FROM "comments" WHERE "comments"."id" = ? LIMIT ?[0m  [["id", 1], ["LIMIT", 1]]
  ↳ app/controllers/comments_controller.rb:67:in `set_comment'
  Rendering comments/edit.html.erb within layouts/application
  Rendered comments/_form.html.erb (Duration: 1.8ms | Allocations: 757)
  Rendered comments/edit.html.erb within layouts/application (Duration: 2.9ms | Allocations: 995)
[Webpacker] Everything's up-to-date. Nothing to do
Completed 200 OK in 45ms (Views: 41.4ms | ActiveRecord: 0.2ms | Allocations: 6187)


Started GET "/comments" for ::1 at 2020-11-16 19:45:26 -0500
Processing by CommentsController#index as HTML
  Rendering comments/index.html.erb within layouts/application
  [1m[36mComment Load (0.2ms)[0m  [1m[34mSELECT "comments".* FROM "comments"[0m
  ↳ app/views/comments/index.html.erb:15
  Rendered comments/index.html.erb within layouts/application (Duration: 2.4ms | Allocations: 763)
[Webpacker] Everything's up-to-date. Nothing to do
Completed 200 OK in 46ms (Views: 44.4ms | ActiveRecord: 0.2ms | Allocations: 5286)


